# JRE version: OpenJDK Runtime Environment (8.0_242-b01) (build 1.8.0_242-release-1644-b01)
# Java VM: OpenJDK 64-Bit Server VM (25.242-b01 mixed mode windows-amd64 compressed oops)
Heap:
 PSYoungGen      total 400384K, used 193906K [0x00000000d5580000, 0x00000000f8c00000, 0x0000000100000000)
  eden space 390144K, 49% used [0x00000000d5580000,0x00000000e12dca68,0x00000000ed280000)
  from space 10240K, 0% used [0x00000000f8200000,0x00000000f8200000,0x00000000f8c00000)
  to   space 34304K, 0% used [0x00000000f4900000,0x00000000f4900000,0x00000000f6a80000)
 ParOldGen       total 157184K, used 50154K [0x0000000080000000, 0x0000000089980000, 0x00000000d5580000)
  object space 157184K, 31% used [0x0000000080000000,0x00000000830fab48,0x0000000089980000)
 Metaspace       used 106186K, capacity 110850K, committed 111016K, reserved 1144832K
  class space    used 13764K, capacity 14659K, committed 14768K, reserved 1048576K
GC Heap History (10 events):
Event: 60.528 GC heap before
{Heap before GC invocations=14 (full 3):
 PSYoungGen      total 328704K, used 309248K [0x00000000d5580000, 0x00000000eb100000, 0x0000000100000000)
  eden space 309248K, 100% used [0x00000000d5580000,0x00000000e8380000,0x00000000e8380000)
  from space 19456K, 0% used [0x00000000e9e00000,0x00000000e9e00000,0x00000000eb100000)
  to   space 23040K, 0% used [0x00000000e8400000,0x00000000e8400000,0x00000000e9a80000)
 ParOldGen       total 110080K, used 34110K [0x0000000080000000, 0x0000000086b80000, 0x00000000d5580000)
  object space 110080K, 30% used [0x0000000080000000,0x000000008214f8b0,0x0000000086b80000)
 Metaspace       used 69987K, capacity 73016K, committed 73136K, reserved 1112064K
  class space    used 9513K, capacity 10135K, committed 10160K, reserved 1048576K
Event: 60.555 GC heap after
Heap after GC invocations=14 (full 3):
 PSYoungGen      total 332800K, used 22366K [0x00000000d5580000, 0x00000000f1600000, 0x0000000100000000)
  eden space 309760K, 0% used [0x00000000d5580000,0x00000000d5580000,0x00000000e8400000)
  from space 23040K, 97% used [0x00000000e8400000,0x00000000e99d7800,0x00000000e9a80000)
  to   space 26112K, 0% used [0x00000000efc80000,0x00000000efc80000,0x00000000f1600000)
 ParOldGen       total 110080K, used 34118K [0x0000000080000000, 0x0000000086b80000, 0x00000000d5580000)
  object space 110080K, 30% used [0x0000000080000000,0x00000000821518b0,0x0000000086b80000)
 Metaspace       used 69987K, capacity 73016K, committed 73136K, reserved 1112064K
  class space    used 9513K, capacity 10135K, committed 10160K, reserved 1048576K
}
Event: 62.803 GC heap before
{Heap before GC invocations=15 (full 3):
 PSYoungGen      total 332800K, used 332126K [0x00000000d5580000, 0x00000000f1600000, 0x0000000100000000)
  eden space 309760K, 100% used [0x00000000d5580000,0x00000000e8400000,0x00000000e8400000)
  from space 23040K, 97% used [0x00000000e8400000,0x00000000e99d7800,0x00000000e9a80000)
  to   space 26112K, 0% used [0x00000000efc80000,0x00000000efc80000,0x00000000f1600000)
 ParOldGen       total 110080K, used 34118K [0x0000000080000000, 0x0000000086b80000, 0x00000000d5580000)
  object space 110080K, 30% used [0x0000000080000000,0x00000000821518b0,0x0000000086b80000)
 Metaspace       used 70826K, capacity 73848K, committed 74032K, reserved 1114112K
  class space    used 9576K, capacity 10189K, committed 10288K, reserved 1048576K
Event: 62.857 GC heap after
Heap after GC invocations=15 (full 3):
 PSYoungGen      total 433664K, used 13778K [0x00000000d5580000, 0x00000000f2100000, 0x0000000100000000)
  eden space 407552K, 0% used [0x00000000d5580000,0x00000000d5580000,0x00000000ee380000)
  from space 26112K, 52% used [0x00000000efc80000,0x00000000f09f4908,0x00000000f1600000)
  to   space 25600K, 0% used [0x00000000ee380000,0x00000000ee380000,0x00000000efc80000)
 ParOldGen       total 110080K, used 46856K [0x0000000080000000, 0x0000000086b80000, 0x00000000d5580000)
  object space 110080K, 42% used [0x0000000080000000,0x0000000082dc2060,0x0000000086b80000)
 Metaspace       used 70826K, capacity 73848K, committed 74032K, reserved 1114112K
  class space    used 9576K, capacity 10189K, committed 10288K, reserved 1048576K
}
Event: 2967.856 GC heap before
{Heap before GC invocations=16 (full 3):
 PSYoungGen      total 433664K, used 421330K [0x00000000d5580000, 0x00000000f2100000, 0x0000000100000000)
  eden space 407552K, 100% used [0x00000000d5580000,0x00000000ee380000,0x00000000ee380000)
  from space 26112K, 52% used [0x00000000efc80000,0x00000000f09f4908,0x00000000f1600000)
  to   space 25600K, 0% used [0x00000000ee380000,0x00000000ee380000,0x00000000efc80000)
 ParOldGen       total 110080K, used 46856K [0x0000000080000000, 0x0000000086b80000, 0x00000000d5580000)
  object space 110080K, 42% used [0x0000000080000000,0x0000000082dc2060,0x0000000086b80000)
 Metaspace       used 86395K, capacity 90650K, committed 90800K, reserved 1128448K
  class space    used 11264K, capacity 12148K, committed 12208K, reserved 1048576K
Event: 2968.143 GC heap after
Heap after GC invocations=16 (full 3):
 PSYoungGen      total 433152K, used 25574K [0x00000000d5580000, 0x00000000fa480000, 0x0000000100000000)
  eden space 407552K, 0% used [0x00000000d5580000,0x00000000d5580000,0x00000000ee380000)
  from space 25600K, 99% used [0x00000000ee380000,0x00000000efc799c8,0x00000000efc80000)
  to   space 35328K, 0% used [0x00000000f8200000,0x00000000f8200000,0x00000000fa480000)
 ParOldGen       total 110080K, used 63094K [0x0000000080000000, 0x0000000086b80000, 0x00000000d5580000)
  object space 110080K, 57% used [0x0000000080000000,0x0000000083d9da08,0x0000000086b80000)
 Metaspace       used 86395K, capacity 90650K, committed 90800K, reserved 1128448K
  class space    used 11264K, capacity 12148K, committed 12208K, reserved 1048576K
}
Event: 3000.156 GC heap before
{Heap before GC invocations=17 (full 3):
 PSYoungGen      total 433152K, used 392581K [0x00000000d5580000, 0x00000000fa480000, 0x0000000100000000)
  eden space 407552K, 90% used [0x00000000d5580000,0x00000000ebbe7b68,0x00000000ee380000)
  from space 25600K, 99% used [0x00000000ee380000,0x00000000efc799c8,0x00000000efc80000)
  to   space 35328K, 0% used [0x00000000f8200000,0x00000000f8200000,0x00000000fa480000)
 ParOldGen       total 110080K, used 63094K [0x0000000080000000, 0x0000000086b80000, 0x00000000d5580000)
  object space 110080K, 57% used [0x0000000080000000,0x0000000083d9da08,0x0000000086b80000)
 Metaspace       used 94184K, capacity 98510K, committed 98600K, reserved 1134592K
  class space    used 12161K, capacity 13060K, committed 13104K, reserved 1048576K
Event: 3000.191 GC heap after
Heap after GC invocations=17 (full 3):
 PSYoungGen      total 400384K, used 10203K [0x00000000d5580000, 0x00000000f8c00000, 0x0000000100000000)
  eden space 390144K, 0% used [0x00000000d5580000,0x00000000d5580000,0x00000000ed280000)
  from space 10240K, 99% used [0x00000000f8200000,0x00000000f8bf6f70,0x00000000f8c00000)
  to   space 34304K, 0% used [0x00000000f4900000,0x00000000f4900000,0x00000000f6a80000)
 ParOldGen       total 110080K, used 79801K [0x0000000080000000, 0x0000000086b80000, 0x00000000d5580000)
  object space 110080K, 72% used [0x0000000080000000,0x0000000084dee6d0,0x0000000086b80000)
 Metaspace       used 94184K, capacity 98510K, committed 98600K, reserved 1134592K
  class space    used 12161K, capacity 13060K, committed 13104K, reserved 1048576K
}
Event: 3000.191 GC heap before
{Heap before GC invocations=18 (full 4):
 PSYoungGen      total 400384K, used 10203K [0x00000000d5580000, 0x00000000f8c00000, 0x0000000100000000)
  eden space 390144K, 0% used [0x00000000d5580000,0x00000000d5580000,0x00000000ed280000)
  from space 10240K, 99% used [0x00000000f8200000,0x00000000f8bf6f70,0x00000000f8c00000)
  to   space 34304K, 0% used [0x00000000f4900000,0x00000000f4900000,0x00000000f6a80000)
 ParOldGen       total 110080K, used 79801K [0x0000000080000000, 0x0000000086b80000, 0x00000000d5580000)
  object space 110080K, 72% used [0x0000000080000000,0x0000000084dee6d0,0x0000000086b80000)
 Metaspace       used 94184K, capacity 98510K, committed 98600K, reserved 1134592K
  class space    used 12161K, capacity 13060K, committed 13104K, reserved 1048576K
Event: 3000.927 GC heap after
Heap after GC invocations=18 (full 4):
 PSYoungGen      total 400384K, used 0K [0x00000000d5580000, 0x00000000f8c00000, 0x0000000100000000)
  eden space 390144K, 0% used [0x00000000d5580000,0x00000000d5580000,0x00000000ed280000)
  from space 10240K, 0% used [0x00000000f8200000,0x00000000f8200000,0x00000000f8c00000)
  to   space 34304K, 0% used [0x00000000f4900000,0x00000000f4900000,0x00000000f6a80000)
 ParOldGen       total 157184K, used 50154K [0x0000000080000000, 0x0000000089980000, 0x00000000d5580000)
  object space 157184K, 31% used [0x0000000080000000,0x00000000830fab48,0x0000000089980000)
 Metaspace       used 93102K, capacity 96408K, committed 98600K, reserved 1134592K
  class space    used 11934K, capacity 12636K, committed 13104K, reserved 1048576K
}

